[14:31:36] [ERROR] [FishModLoader/]: Uncaught exception in thread "main"
net.fabricmc.loader.impl.discovery.ModResolutionException: Mod discovery failed!
	at net.fabricmc.loader.impl.discovery.ModDiscoverer.lambda$discoverMods$2(ModDiscoverer.java:168)
	at net.fabricmc.loader.impl.util.ExceptionUtil.gatherExceptions(ExceptionUtil.java:33)
	at net.fabricmc.loader.impl.discovery.ModDiscoverer.discoverMods(ModDiscoverer.java:168)
	at net.xiaoyu233.fml.FishModLoader.setup(FishModLoader.java:386)
	at net.xiaoyu233.fml.relaunch.Launch.launch(Launch.java:56)
	at net.xiaoyu233.fml.relaunch.LaunchDelegate.delegateLaunch(LaunchDelegate.java:51)
	at net.xiaoyu233.fml.relaunch.client.Main.main(Main.java:12)
	at net.xiaoyu233.fml.relaunch.DevLaunchInjector.main(DevLaunchInjector.java:57)
Caused by: java.lang.RuntimeException: java.lang.RuntimeException: Error analyzing [F:\FunnierMITE\run\mods\[开发模式]MITEDevHackMod-FML3.0.0.jar]: java.util.zip.ZipException: zip END header not found
	at java.base/jdk.internal.reflect.NativeConstructorAccessorImpl.newInstance0(Native Method)
	at java.base/jdk.internal.reflect.NativeConstructorAccessorImpl.newInstance(NativeConstructorAccessorImpl.java:77)
	at java.base/jdk.internal.reflect.DelegatingConstructorAccessorImpl.newInstance(DelegatingConstructorAccessorImpl.java:45)
	at java.base/java.lang.reflect.Constructor.newInstanceWithCaller(Constructor.java:499)
	at java.base/java.lang.reflect.Constructor.newInstance(Constructor.java:480)
	at java.base/java.util.concurrent.ForkJoinTask.getThrowableException(ForkJoinTask.java:562)
	at java.base/java.util.concurrent.ForkJoinTask.reportExecutionException(ForkJoinTask.java:604)
	at java.base/java.util.concurrent.ForkJoinTask.get(ForkJoinTask.java:981)
	at net.fabricmc.loader.impl.discovery.ModDiscoverer.discoverMods(ModDiscoverer.java:165)
	... 5 more
Caused by: java.lang.RuntimeException: Error analyzing [F:\FunnierMITE\run\mods\[开发模式]MITEDevHackMod-FML3.0.0.jar]: java.util.zip.ZipException: zip END header not found
	at net.fabricmc.loader.impl.discovery.ModDiscoverer$ModScanTask.compute(ModDiscoverer.java:351)
	at net.fabricmc.loader.impl.discovery.ModDiscoverer$ModScanTask.compute(ModDiscoverer.java:300)
	at java.base/java.util.concurrent.RecursiveTask.exec(RecursiveTask.java:100)
	at java.base/java.util.concurrent.ForkJoinTask.doExec(ForkJoinTask.java:373)
	at java.base/java.util.concurrent.ForkJoinPool$WorkQueue.topLevelExec(ForkJoinPool.java:1182)
	at java.base/java.util.concurrent.ForkJoinPool.scan(ForkJoinPool.java:1655)
	at java.base/java.util.concurrent.ForkJoinPool.runWorker(ForkJoinPool.java:1622)
	at java.base/java.util.concurrent.ForkJoinWorkerThread.run(ForkJoinWorkerThread.java:165)
Caused by: java.util.zip.ZipException: zip END header not found
	at java.base/java.util.zip.ZipFile$Source.findEND(ZipFile.java:1469)
	at java.base/java.util.zip.ZipFile$Source.initCEN(ZipFile.java:1477)
	at java.base/java.util.zip.ZipFile$Source.<init>(ZipFile.java:1315)
	at java.base/java.util.zip.ZipFile$Source.get(ZipFile.java:1277)
	at java.base/java.util.zip.ZipFile$CleanableResource.<init>(ZipFile.java:709)
	at java.base/java.util.zip.ZipFile.<init>(ZipFile.java:243)
	at java.base/java.util.zip.ZipFile.<init>(ZipFile.java:172)
	at java.base/java.util.zip.ZipFile.<init>(ZipFile.java:186)
	at net.fabricmc.loader.impl.discovery.ModDiscoverer$ModScanTask.computeJarFile(ModDiscoverer.java:372)
	at net.fabricmc.loader.impl.discovery.ModDiscoverer$ModScanTask.compute(ModDiscoverer.java:341)
	... 7 more
